c:\users\user\documents\visual studio 2015\projects\cclb_week4\homework\obj\debug\ofxslidergroup.obj
c:\users\user\documents\visual studio 2015\projects\cclb_week4\homework\obj\debug\wrappers.obj
c:\users\user\documents\visual studio 2015\projects\cclb_week4\homework\obj\debug\main.obj
c:\users\user\documents\visual studio 2015\projects\cclb_week4\homework\obj\debug\ofxbasegui.obj
c:\users\user\documents\visual studio 2015\projects\cclb_week4\homework\obj\debug\runningbackground.obj
c:\users\user\documents\visual studio 2015\projects\cclb_week4\homework\obj\debug\ofxcvgrayscaleimage.obj
c:\users\user\documents\visual studio 2015\projects\cclb_week4\homework\obj\debug\ofxguigroup.obj
c:\users\user\documents\visual studio 2015\projects\cclb_week4\homework\obj\debug\ofxcvcolorimage.obj
c:\users\user\documents\visual studio 2015\projects\cclb_week4\homework\obj\debug\ofapp.obj
c:\users\user\documents\visual studio 2015\projects\cclb_week4\homework\obj\debug\ofxslider.obj
c:\users\user\documents\visual studio 2015\projects\cclb_week4\homework\obj\debug\utilities.obj
c:\users\user\documents\visual studio 2015\projects\cclb_week4\homework\obj\debug\ofxcvshortimage.obj
c:\users\user\documents\visual studio 2015\projects\cclb_week4\homework\obj\debug\ofxpanel.obj
c:\users\user\documents\visual studio 2015\projects\cclb_week4\homework\obj\debug\helpers.obj
c:\users\user\documents\visual studio 2015\projects\cclb_week4\homework\obj\debug\ofxcvfloatimage.obj
c:\users\user\documents\visual studio 2015\projects\cclb_week4\homework\obj\debug\ofxbutton.obj
c:\users\user\documents\visual studio 2015\projects\cclb_week4\homework\obj\debug\ofxcvcontourfinder.obj
c:\users\user\documents\visual studio 2015\projects\cclb_week4\homework\obj\debug\ofxlabel.obj
c:\users\user\documents\visual studio 2015\projects\cclb_week4\homework\obj\debug\distance.obj
c:\users\user\documents\visual studio 2015\projects\cclb_week4\homework\obj\debug\tracker.obj
c:\users\user\documents\visual studio 2015\projects\cclb_week4\homework\obj\debug\ofxcvimage.obj
c:\users\user\documents\visual studio 2015\projects\cclb_week4\homework\obj\debug\ofxtoggle.obj
c:\users\user\documents\visual studio 2015\projects\cclb_week4\homework\obj\debug\contourfinder.obj
c:\users\user\documents\visual studio 2015\projects\cclb_week4\homework\obj\debug\ofxcvhaarfinder.obj
c:\users\user\documents\visual studio 2015\projects\cclb_week4\homework\obj\debug\vc140.pdb
c:\users\user\documents\visual studio 2015\projects\cclb_week4\homework\obj\debug\homework.tlog\cl.command.1.tlog
c:\users\user\documents\visual studio 2015\projects\cclb_week4\homework\obj\debug\homework.tlog\cl.read.1.tlog
c:\users\user\documents\visual studio 2015\projects\cclb_week4\homework\obj\debug\homework.tlog\cl.write.1.tlog
