c:\users\user\documents\visual studio 2015\projects\week5\starsparticles\obj\debug\ofxguigroup.obj
c:\users\user\documents\visual studio 2015\projects\week5\starsparticles\obj\debug\ofxbutton.obj
c:\users\user\documents\visual studio 2015\projects\week5\starsparticles\obj\debug\ofxslidergroup.obj
c:\users\user\documents\visual studio 2015\projects\week5\starsparticles\obj\debug\ofxslider.obj
c:\users\user\documents\visual studio 2015\projects\week5\starsparticles\obj\debug\ofxtoggle.obj
c:\users\user\documents\visual studio 2015\projects\week5\starsparticles\obj\debug\ofxpanel.obj
c:\users\user\documents\visual studio 2015\projects\week5\starsparticles\obj\debug\main.obj
c:\users\user\documents\visual studio 2015\projects\week5\starsparticles\obj\debug\ofxbasegui.obj
c:\users\user\documents\visual studio 2015\projects\week5\starsparticles\obj\debug\ofxlabel.obj
c:\users\user\documents\visual studio 2015\projects\week5\starsparticles\obj\debug\ofapp.obj
c:\users\user\documents\visual studio 2015\projects\week5\starsparticles\obj\debug\vc140.pdb
c:\users\user\documents\visual studio 2015\projects\week5\starsparticles\obj\debug\particle.obj
c:\users\user\documents\visual studio 2015\projects\week5\starsparticles\bin\starsparticles_debug.ilk
c:\users\user\documents\visual studio 2015\projects\week5\starsparticles\bin\starsparticles_debug.exe
c:\users\user\documents\visual studio 2015\projects\week5\starsparticles\bin\starsparticles_debug.pdb
c:\users\user\documents\visual studio 2015\projects\week5\starsparticles\obj\debug\icon.res
c:\users\user\documents\visual studio 2015\projects\week5\starsparticles\bin\starsparticles_debug.lib
c:\users\user\documents\visual studio 2015\projects\week5\starsparticles\bin\starsparticles_debug.exp
c:\users\user\documents\visual studio 2015\projects\week5\starsparticles\obj\debug\starsparticles.vcxprojresolveassemblyreference.cache
c:\users\user\documents\visual studio 2015\projects\week5\starsparticles\obj\debug\starsparticles.tlog\cl.command.1.tlog
c:\users\user\documents\visual studio 2015\projects\week5\starsparticles\obj\debug\starsparticles.tlog\cl.read.1.tlog
c:\users\user\documents\visual studio 2015\projects\week5\starsparticles\obj\debug\starsparticles.tlog\cl.write.1.tlog
c:\users\user\documents\visual studio 2015\projects\week5\starsparticles\obj\debug\starsparticles.tlog\link.command.1.tlog
c:\users\user\documents\visual studio 2015\projects\week5\starsparticles\obj\debug\starsparticles.tlog\link.read.1.tlog
c:\users\user\documents\visual studio 2015\projects\week5\starsparticles\obj\debug\starsparticles.tlog\link.write.1.tlog
c:\users\user\documents\visual studio 2015\projects\week5\starsparticles\obj\debug\starsparticles.tlog\rc.command.1.tlog
c:\users\user\documents\visual studio 2015\projects\week5\starsparticles\obj\debug\starsparticles.tlog\rc.read.1.tlog
c:\users\user\documents\visual studio 2015\projects\week5\starsparticles\obj\debug\starsparticles.tlog\rc.write.1.tlog
c:\users\user\documents\visual studio 2015\projects\week5\starsparticles\obj\debug\starsparticles.tlog\starsparticles.write.1u.tlog
